2022-12-15 14:48:55,764 - logger - INFO - connection to db - ok - (parser.py:45)
2022-12-15 14:48:58,323 - logger - INFO - Leads saved - (parser.py:91)
2022-12-15 14:48:58,324 - logger - INFO - Upl to db canceled - (parser.py:104)
2022-12-15 14:49:00,728 - logger - INFO - Deals saved - (parser.py:149)
2022-12-15 14:49:00,728 - logger - INFO - Upl to db canceled - (parser.py:161)
2022-12-15 14:59:59,857 - logger - INFO - connection to db - ok - (parser.py:47)
2022-12-15 15:00:03,381 - logger - ERROR - Ecom API or bitrix error - (parser.py:112)
2022-12-15 15:00:03,912 - logger - ERROR - Ecom API or bitrix error - (parser.py:169)
2022-12-15 15:00:46,067 - logger - INFO - connection to db - ok - (parser.py:48)
2022-12-15 15:00:46,653 - logger - ERROR - Ecom API or bitrix error - (parser.py:113)
2022-12-15 15:00:47,168 - logger - ERROR - Ecom API or bitrix error - (parser.py:170)
2022-12-15 15:05:15,503 - logger - INFO - connection to db - ok - (parser.py:48)
2022-12-15 15:05:16,740 - logger - ERROR - Ecom API or bitrix error - (parser.py:113)
2022-12-15 15:05:18,086 - logger - ERROR - Ecom API or bitrix error - (parser.py:170)
2022-12-15 15:06:14,170 - logger - INFO - connection to db - ok - (parser.py:48)
2022-12-15 15:06:15,123 - logger - ERROR - Ecom API or bitrix error - (parser.py:113)
2022-12-15 15:06:15,696 - logger - ERROR - Ecom API or bitrix error - (parser.py:170)
2022-12-15 15:09:07,240 - logger - INFO - connection to db - ok - (parser.py:48)
2022-12-15 15:09:09,847 - logger - INFO - Leads saved - (parser.py:94)
2022-12-15 15:09:09,848 - logger - INFO - Upl to db canceled - (parser.py:107)
2022-12-15 15:09:11,271 - logger - INFO - Deals saved - (parser.py:152)
2022-12-15 15:09:11,271 - logger - INFO - Upl to db canceled - (parser.py:164)
2022-12-15 15:10:35,734 - logger - INFO - connection to db - ok - (parser.py:47)
2022-12-15 15:10:37,282 - logger - INFO - Leads saved - (parser.py:95)
2022-12-15 15:10:37,282 - logger - INFO - Upl to db canceled - (parser.py:108)
2022-12-15 15:10:38,547 - logger - INFO - Deals saved - (parser.py:153)
2022-12-15 15:10:38,548 - logger - INFO - Upl to db canceled - (parser.py:165)
2022-12-15 15:11:20,981 - logger - INFO - connection to db - ok - (parser.py:47)
2022-12-15 15:11:21,862 - logger - INFO - Leads saved - (parser.py:95)
2022-12-15 15:11:24,093 - logger - INFO - Leads - Upload to db successful - (parser.py:101)
2022-12-15 15:11:24,731 - logger - INFO - No deals data for the period - (parser.py:168)
2022-12-19 22:40:35,503 - logger - INFO - connection to db - ok - (parser.py:47)
2022-12-19 22:40:53,111 - logger - INFO - Leads saved - (parser.py:95)
2022-12-19 22:41:05,459 - logger - INFO - Leads - Upload to db successful - (parser.py:101)
2022-12-19 22:41:13,047 - logger - INFO - Deals saved - (parser.py:153)
2022-12-19 22:41:24,414 - logger - INFO - Deals - Upload to db successful - (parser.py:159)
2022-12-19 22:46:29,528 - logger - INFO - connection to db - ok - (parser.py:46)
2022-12-19 22:47:02,846 - logger - INFO - Leads saved - (parser.py:94)
2022-12-19 22:47:37,554 - logger - INFO - Leads - Upload to db successful - (parser.py:100)
2022-12-19 22:47:44,815 - logger - INFO - No deals data for the period - (parser.py:167)
2022-12-24 11:32:29,621 - logger - INFO - connection to db - ok - (parser.py:52)
2022-12-24 11:32:30,828 - logger - INFO - No leads data for the period - (parser.py:117)
2022-12-24 11:32:59,506 - logger - INFO - No deals data for the period - (parser.py:175)
2022-12-24 11:35:34,774 - logger - INFO - connection to db - ok - (parser.py:52)
2022-12-24 11:35:37,393 - logger - INFO - Leads saved - (parser.py:101)
2022-12-24 11:35:37,393 - logger - INFO - Upl to db canceled - (parser.py:114)
2022-12-24 11:35:38,296 - logger - INFO - Deals saved - (parser.py:160)
2022-12-24 11:35:38,297 - logger - INFO - Upl to db canceled - (parser.py:172)
